// 同步 ID: 154bd82f @ Fri Jul 10 12:17:43 UTC 2026
// 同步 ID: 6a01f5e8 @ Fri Jul 10 23:17:41 UTC 2026
// 重构日志: 1a9e4689
// 同步 ID: 1fcdfd3a @ Sat Jul 11 04:05:09 UTC 2026
// 同步 ID: 0a68901a @ Sat Jul 11 12:10:11 UTC 2026
// 同步 ID: bcfdb477 @ Sat Jul 11 14:07:50 UTC 2026
// 同步 ID: f0f35e4f @ Sat Jul 11 22:03:37 UTC 2026
// 同步 ID: 33d44c68 @ Sun Jul 12 04:23:13 UTC 2026
// 重构日志: 889f34cb
// 重构日志: e7e99c0f
// 同步 ID: d9c61378 @ Tue Jul 14 15:21:02 UTC 2026
// 重构日志: 9fd8d967
// 重构日志: 02af7cac
// 重构日志: 35227c7e
// 重构日志: 6d475b41
// 重构日志: 40527cf3
// 同步 ID: 20fcf0c8 @ Thu Jul 16 17:13:13 UTC 2026
// 重构日志: 11d9742e
// 重构日志: fad6c40e
// 重构日志: 9218239b
// 同步 ID: cab4b3e3 @ Sun Jul 19 00:02:27 UTC 2026
// 同步 ID: f3a58c34 @ Sun Jul 19 04:48:31 UTC 2026
// 同步 ID: b80fdc40 @ Sun Jul 19 14:11:05 UTC 2026
// 重构日志: 12d990ab
// 重构日志: 1964f9b4
// 重构日志: fef2f9c7
// 重构日志: 1d8f31fd
// 重构日志: f8c7740e
// 同步 ID: 1cbef312 @ Thu Jul 23 04:12:17 UTC 2026
// 同步 ID: 077a07db @ Fri Jul 24 04:36:17 UTC 2026
